<?xml version="1.0" encoding="UTF-8"?>
<!-- Generated by org.testng.reporters.JUnitReportReporter -->
<testsuite hostname="P3A-HYCQXJ2" name="m4.Demo05Select" tests="1" failures="0" timestamp="4 Oct 2019 10:31:14 GMT" time="6.200" errors="0">
  <testcase name="f" time="6.200" classname="m4.Demo05Select"/>
</testsuite> <!-- m4.Demo05Select -->
