<?xml version="1.0" encoding="UTF-8"?>
<!-- Generated by org.testng.reporters.JUnitReportReporter -->
<testsuite hostname="P3A-HYCQXJ2" name="m5.KeyTest" tests="1" failures="0" timestamp="4 Oct 2019 11:46:58 GMT" time="5.946" errors="0">
  <testcase name="f" time="5.946" classname="m5.KeyTest"/>
</testsuite> <!-- m5.KeyTest -->
