<?xml version="1.0" encoding="UTF-8"?>
<!-- Generated by org.testng.reporters.JUnitReportReporter -->
<testsuite hostname="P3A-HYCQXJ2" name="m2.DataProvideDemo" tests="2" failures="0" timestamp="4 Oct 2019 04:39:21 GMT" time="0.018" errors="0">
  <testcase name="f" time="0.016" classname="m2.DataProvideDemo"/>
  <testcase name="f" time="0.002" classname="m2.DataProvideDemo"/>
</testsuite> <!-- m2.DataProvideDemo -->
