<?xml version="1.0" encoding="UTF-8"?>
<!-- Generated by org.testng.reporters.JUnitReportReporter -->
<testsuite hostname="P3A-HYCQXJ2" name="m5.DragAndDrop" tests="1" failures="0" timestamp="4 Oct 2019 12:21:50 GMT" time="10.659" errors="0">
  <testcase name="f" time="10.659" classname="m5.DragAndDrop"/>
</testsuite> <!-- m5.DragAndDrop -->
