<?xml version="1.0" encoding="UTF-8"?>
<!-- Generated by org.testng.reporters.JUnitReportReporter -->
<testsuite hostname="P3A-HYCQXJ2" name="m4.Demo04Navigation" tests="1" failures="0" timestamp="4 Oct 2019 09:42:00 GMT" time="9.858" errors="0">
  <testcase name="navigationFun" time="9.858" classname="m4.Demo04Navigation"/>
</testsuite> <!-- m4.Demo04Navigation -->
