<?xml version="1.0" encoding="UTF-8"?>
<!-- Generated by org.testng.reporters.JUnitReportReporter -->
<testsuite hostname="P3A-HYCQXJ2" name="m4.Demo02" tests="1" failures="0" timestamp="4 Oct 2019 09:00:11 GMT" time="1.809" errors="0">
  <testcase name="f" time="1.809" classname="m4.Demo02"/>
</testsuite> <!-- m4.Demo02 -->
