<?xml version="1.0" encoding="UTF-8"?>
<!-- Generated by org.testng.reporters.JUnitReportReporter -->
<testsuite hostname="P3A-HYCQXJ2" name="m2.ExecutionSeqOfTest" tests="2" failures="0" timestamp="4 Oct 2019 04:33:04 GMT" time="0.021" errors="0">
  <testcase name="testGoogle" time="0.019" classname="m2.ExecutionSeqOfTest"/>
  <testcase name="testTwitter" time="0.002" classname="m2.ExecutionSeqOfTest"/>
</testsuite> <!-- m2.ExecutionSeqOfTest -->
