<?xml version="1.0" encoding="UTF-8"?>
<!-- Generated by org.testng.reporters.JUnitReportReporter -->
<testsuite hostname="P3A-HYCQXJ2" name="m3.BrowserTest" tests="1" failures="0" timestamp="4 Oct 2019 07:22:26 GMT" time="6.497" errors="0">
  <testcase name="f" time="6.497" classname="m3.BrowserTest"/>
</testsuite> <!-- m3.BrowserTest -->
