<?xml version="1.0" encoding="UTF-8"?>
<!-- Generated by org.testng.reporters.JUnitReportReporter -->
<testsuite hostname="P3A-HYCQXJ2" name="m4.Demo03" tests="1" failures="0" timestamp="4 Oct 2019 09:22:48 GMT" time="2.853" errors="0">
  <testcase name="Login" time="2.853" classname="m4.Demo03"/>
</testsuite> <!-- m4.Demo03 -->
