<?xml version="1.0" encoding="UTF-8"?>
<!-- Generated by org.testng.reporters.JUnitReportReporter -->
<testsuite hostname="P3A-HYCQXJ2" name="m5.MouseTest" tests="1" failures="0" timestamp="4 Oct 2019 11:59:39 GMT" time="4.529" errors="0">
  <testcase name="f" time="4.529" classname="m5.MouseTest"/>
</testsuite> <!-- m5.MouseTest -->
