<?xml version="1.0" encoding="UTF-8"?>
<!-- Generated by org.testng.reporters.JUnitReportReporter -->
<testsuite hostname="P3A-HYCQXJ2" name="m2.TestClass02" tests="3" failures="0" timestamp="4 Oct 2019 07:07:27 GMT" time="0.004" errors="0">
  <testcase name="f6" time="0.001" classname="m2.TestClass02"/>
  <testcase name="f4" time="0.001" classname="m2.TestClass02"/>
  <testcase name="f5" time="0.002" classname="m2.TestClass02"/>
</testsuite> <!-- m2.TestClass02 -->
