<?xml version="1.0" encoding="UTF-8"?>
<!-- Generated by org.testng.reporters.JUnitReportReporter -->
<testsuite hostname="P3A-HYCQXJ2" name="m2.TestClass01" tests="3" failures="0" timestamp="4 Oct 2019 07:07:27 GMT" time="0.018" errors="0">
  <testcase name="f2" time="0.002" classname="m2.TestClass01"/>
  <testcase name="f1" time="0.013" classname="m2.TestClass01"/>
  <testcase name="f3" time="0.003" classname="m2.TestClass01"/>
</testsuite> <!-- m2.TestClass01 -->
