<?xml version="1.0" encoding="UTF-8"?>
<!-- Generated by org.testng.reporters.JUnitReportReporter -->
<testsuite hostname="P3A-HYCQXJ2" name="m2.Demo04" tests="2" failures="0" timestamp="4 Oct 2019 04:59:16 GMT" time="138.273" errors="0">
  <testcase name="loginTest" time="81.305" classname="m2.Demo04"/>
  <testcase name="loginTest" time="56.968" classname="m2.Demo04"/>
</testsuite> <!-- m2.Demo04 -->
