<?xml version="1.0" encoding="UTF-8"?>
<!-- Generated by org.testng.reporters.JUnitReportReporter -->
<testsuite hostname="P3A-HYCQXJ2" name="m2.Annotations" tests="1" failures="0" timestamp="4 Oct 2019 04:27:55 GMT" time="0.007" errors="0">
  <testcase name="f" time="0.007" classname="m2.Annotations"/>
</testsuite> <!-- m2.Annotations -->
